#
# There is insufficient memory for the Java Runtime Environment to continue.
# Native memory allocation (mmap) failed to map 351272960 bytes for committing reserved memory.
# Possible reasons:
#   The system is out of physical RAM or swap space
#   The process is running with CompressedOops enabled, and the Java Heap may be blocking the growth of the native heap
# Possible solutions:
#   Reduce memory load on the system
#   Increase physical memory or swap space
#   Check if swap backing store is full
#   Decrease Java heap size (-Xmx/-Xms)
#   Decrease number of Java threads
#   Decrease Java thread stack sizes (-Xss)
#   Set larger code cache with -XX:ReservedCodeCacheSize=
# This output file may be truncated or incomplete.
#
#  Out of Memory Error (os_linux.cpp:2791), pid=8011, tid=0x00007f6f08016700
#
# JRE version:  (8.0_402-b06) (build )
# Java VM: OpenJDK 64-Bit Server VM (25.402-b06 mixed mode linux-amd64 compressed oops)
# Failed to write core dump. Core dumps have been disabled. To enable core dumping, try "ulimit -c unlimited" before starting Java again
#

---------------  T H R E A D  ---------------

Current thread (0x00007f6f00054800):  JavaThread "Unknown thread" [_thread_in_vm, id=8069, stack(0x00007f6f07f17000,0x00007f6f08017000)]

Stack: [0x00007f6f07f17000,0x00007f6f08017000],  sp=0x00007f6f08015600,  free space=1017k
Native frames: (J=compiled Java code, j=interpreted, Vv=VM code, C=native code)
V  [libjvm.so+0xb6a5dd]  VMError::report_and_die()+0x1cd
V  [libjvm.so+0x50d12a]  report_vm_out_of_memory(char const*, int, unsigned long, VMErrorType, char const*)+0xaa
V  [libjvm.so+0x9457b8]  os::pd_commit_memory(char*, unsigned long, unsigned long, bool)+0xd8
V  [libjvm.so+0x93f67e]  os::commit_memory(char*, unsigned long, unsigned long, bool)+0x2e
V  [libjvm.so+0x9bd45b]  PSVirtualSpace::expand_by(unsigned long)+0x5b
V  [libjvm.so+0x9ae788]  PSOldGen::initialize(ReservedSpace, unsigned long, char const*, int)+0xa8
V  [libjvm.so+0x2f2153]  AdjoiningGenerations::AdjoiningGenerations(ReservedSpace, GenerationSizer*, unsigned long)+0x373
V  [libjvm.so+0x96d7c0]  ParallelScavengeHeap::initialize()+0x220
V  [libjvm.so+0xb333b9]  Universe::initialize_heap()+0x159
V  [libjvm.so+0xb33662]  universe_init()+0x42
V  [libjvm.so+0x64979f]  init_globals()+0x6f
V  [libjvm.so+0xb159ff]  Threads::create_vm(JavaVMInitArgs*, bool*)+0x29f
V  [libjvm.so+0x71c41d]  JNI_CreateJavaVM+0x5d
C  [libjli.so+0x3043]  JavaMain+0xa3
C  [libpthread.so.0+0x7ea5]  start_thread+0xc5


---------------  P R O C E S S  ---------------

Java Threads: ( => current thread )

Other Threads:

=>0x00007f6f00054800 (exited) JavaThread "Unknown thread" [_thread_in_vm, id=8069, stack(0x00007f6f07f17000,0x00007f6f08017000)]

VM state:not at safepoint (not fully initialized)

VM Mutex/Monitor currently owned by a thread: None

heap address: 0x00000000c0000000, size: 1024 MB, Compressed Oops mode: Non-zero based:0x00000000bffff000
Narrow klass base: 0x0000000000000000, Narrow klass shift: 0

GC Heap History (0 events):
No events

Deoptimization events (0 events):
No events

Classes redefined (0 events):
No events

Internal exceptions (0 events):
No events

Events (0 events):
No events


Dynamic libraries:
d4f00000-eab00000 ---p 00000000 00:00 0 
eab00000-f5200000 rw-p 00000000 00:00 0 
f5200000-100000000 ---p 00000000 00:00 0 
56128ecf5000-56128ecf6000 r-xp 00000000 08:03 936089                     /usr/lib/jvm/java-1.8.0-openjdk-1.8.0.402.b06-1.el7_9.x86_64/jre/bin/java
56128eef5000-56128eef6000 r--p 00000000 08:03 936089                     /usr/lib/jvm/java-1.8.0-openjdk-1.8.0.402.b06-1.el7_9.x86_64/jre/bin/java
56128eef6000-56128eef7000 rw-p 00001000 08:03 936089                     /usr/lib/jvm/java-1.8.0-openjdk-1.8.0.402.b06-1.el7_9.x86_64/jre/bin/java
56128fab6000-56128fad7000 rw-p 00000000 00:00 0                          [heap]
7f6ef1000000-7f6ef1270000 rwxp 00000000 00:00 0 
7f6ef1270000-7f6f00000000 ---p 00000000 00:00 0 
7f6f00000000-7f6f0007b000 rw-p 00000000 00:00 0 
7f6f0007b000-7f6f04000000 ---p 00000000 00:00 0 
7f6f04642000-7f6f04901000 rw-p 00000000 00:00 0 
7f6f04901000-7f6f04a56000 ---p 00000000 00:00 0 
7f6f04a56000-7f6f04aaa000 rw-p 00000000 00:00 0 
7f6f04aaa000-7f6f04b01000 ---p 00000000 00:00 0 
7f6f04b01000-7f6f04b0c000 rw-p 00000000 00:00 0 
7f6f04b0c000-7f6f04ec2000 ---p 00000000 00:00 0 
7f6f04ec2000-7f6f04eca000 r-xp 00000000 08:03 936134                     /usr/lib/jvm/java-1.8.0-openjdk-1.8.0.402.b06-1.el7_9.x86_64/jre/lib/amd64/libzip.so
7f6f04eca000-7f6f050c9000 ---p 00008000 08:03 936134                     /usr/lib/jvm/java-1.8.0-openjdk-1.8.0.402.b06-1.el7_9.x86_64/jre/lib/amd64/libzip.so
7f6f050c9000-7f6f050ca000 r--p 00007000 08:03 936134                     /usr/lib/jvm/java-1.8.0-openjdk-1.8.0.402.b06-1.el7_9.x86_64/jre/lib/amd64/libzip.so
7f6f050ca000-7f6f050cb000 rw-p 00008000 08:03 936134                     /usr/lib/jvm/java-1.8.0-openjdk-1.8.0.402.b06-1.el7_9.x86_64/jre/lib/amd64/libzip.so
7f6f050cb000-7f6f050d7000 r-xp 00000000 08:03 918642                     /usr/lib64/libnss_files-2.17.so
7f6f050d7000-7f6f052d6000 ---p 0000c000 08:03 918642                     /usr/lib64/libnss_files-2.17.so
7f6f052d6000-7f6f052d7000 r--p 0000b000 08:03 918642                     /usr/lib64/libnss_files-2.17.so
7f6f052d7000-7f6f052d8000 rw-p 0000c000 08:03 918642                     /usr/lib64/libnss_files-2.17.so
7f6f052d8000-7f6f052de000 rw-p 00000000 00:00 0 
7f6f052de000-7f6f05308000 r-xp 00000000 08:03 936116                     /usr/lib/jvm/java-1.8.0-openjdk-1.8.0.402.b06-1.el7_9.x86_64/jre/lib/amd64/libjava.so
7f6f05308000-7f6f05507000 ---p 0002a000 08:03 936116                     /usr/lib/jvm/java-1.8.0-openjdk-1.8.0.402.b06-1.el7_9.x86_64/jre/lib/amd64/libjava.so
7f6f05507000-7f6f05508000 r--p 00029000 08:03 936116                     /usr/lib/jvm/java-1.8.0-openjdk-1.8.0.402.b06-1.el7_9.x86_64/jre/lib/amd64/libjava.so
7f6f05508000-7f6f0550a000 rw-p 0002a000 08:03 936116                     /usr/lib/jvm/java-1.8.0-openjdk-1.8.0.402.b06-1.el7_9.x86_64/jre/lib/amd64/libjava.so
7f6f0550a000-7f6f05517000 r-xp 00000000 08:03 936133                     /usr/lib/jvm/java-1.8.0-openjdk-1.8.0.402.b06-1.el7_9.x86_64/jre/lib/amd64/libverify.so
7f6f05517000-7f6f05716000 ---p 0000d000 08:03 936133                     /usr/lib/jvm/java-1.8.0-openjdk-1.8.0.402.b06-1.el7_9.x86_64/jre/lib/amd64/libverify.so
7f6f05716000-7f6f05718000 r--p 0000c000 08:03 936133                     /usr/lib/jvm/java-1.8.0-openjdk-1.8.0.402.b06-1.el7_9.x86_64/jre/lib/amd64/libverify.so
7f6f05718000-7f6f05719000 rw-p 0000e000 08:03 936133                     /usr/lib/jvm/java-1.8.0-openjdk-1.8.0.402.b06-1.el7_9.x86_64/jre/lib/amd64/libverify.so
7f6f05719000-7f6f05720000 r-xp 00000000 08:03 918654                     /usr/lib64/librt-2.17.so
7f6f05720000-7f6f0591f000 ---p 00007000 08:03 918654                     /usr/lib64/librt-2.17.so
7f6f0591f000-7f6f05920000 r--p 00006000 08:03 918654                     /usr/lib64/librt-2.17.so
7f6f05920000-7f6f05921000 rw-p 00007000 08:03 918654                     /usr/lib64/librt-2.17.so
7f6f05921000-7f6f05936000 r-xp 00000000 08:03 926932                     /usr/lib64/libgcc_s-4.8.5-20150702.so.1
7f6f05936000-7f6f05b35000 ---p 00015000 08:03 926932                     /usr/lib64/libgcc_s-4.8.5-20150702.so.1
7f6f05b35000-7f6f05b36000 r--p 00014000 08:03 926932                     /usr/lib64/libgcc_s-4.8.5-20150702.so.1
7f6f05b36000-7f6f05b37000 rw-p 00015000 08:03 926932                     /usr/lib64/libgcc_s-4.8.5-20150702.so.1
7f6f05b37000-7f6f05c38000 r-xp 00000000 08:03 918632                     /usr/lib64/libm-2.17.so
7f6f05c38000-7f6f05e37000 ---p 00101000 08:03 918632                     /usr/lib64/libm-2.17.so
7f6f05e37000-7f6f05e38000 r--p 00100000 08:03 918632                     /usr/lib64/libm-2.17.so
7f6f05e38000-7f6f05e39000 rw-p 00101000 08:03 918632                     /usr/lib64/libm-2.17.so
7f6f05e39000-7f6f05f22000 r-xp 00000000 08:03 921472                     /usr/lib64/libstdc++.so.6.0.19
7f6f05f22000-7f6f06122000 ---p 000e9000 08:03 921472                     /usr/lib64/libstdc++.so.6.0.19
7f6f06122000-7f6f0612a000 r--p 000e9000 08:03 921472                     /usr/lib64/libstdc++.so.6.0.19
7f6f0612a000-7f6f0612c000 rw-p 000f1000 08:03 921472                     /usr/lib64/libstdc++.so.6.0.19
7f6f0612c000-7f6f06141000 rw-p 00000000 00:00 0 
7f6f06141000-7f6f06ee5000 r-xp 00000000 08:03 936138                     /usr/lib/jvm/java-1.8.0-openjdk-1.8.0.402.b06-1.el7_9.x86_64/jre/lib/amd64/server/libjvm.so
7f6f06ee5000-7f6f070e4000 ---p 00da4000 08:03 936138                     /usr/lib/jvm/java-1.8.0-openjdk-1.8.0.402.b06-1.el7_9.x86_64/jre/lib/amd64/server/libjvm.so
7f6f070e4000-7f6f07192000 r--p 00da3000 08:03 936138                     /usr/lib/jvm/java-1.8.0-openjdk-1.8.0.402.b06-1.el7_9.x86_64/jre/lib/amd64/server/libjvm.so
7f6f07192000-7f6f071bd000 rw-p 00e51000 08:03 936138                     /usr/lib/jvm/java-1.8.0-openjdk-1.8.0.402.b06-1.el7_9.x86_64/jre/lib/amd64/server/libjvm.so
7f6f071bd000-7f6f071f3000 rw-p 00000000 00:00 0 
7f6f071f3000-7f6f073b7000 r-xp 00000000 08:03 918624                     /usr/lib64/libc-2.17.so
7f6f073b7000-7f6f075b6000 ---p 001c4000 08:03 918624                     /usr/lib64/libc-2.17.so
7f6f075b6000-7f6f075ba000 r--p 001c3000 08:03 918624                     /usr/lib64/libc-2.17.so
7f6f075ba000-7f6f075bc000 rw-p 001c7000 08:03 918624                     /usr/lib64/libc-2.17.so
7f6f075bc000-7f6f075c1000 rw-p 00000000 00:00 0 
7f6f075c1000-7f6f075c3000 r-xp 00000000 08:03 918630                     /usr/lib64/libdl-2.17.so
7f6f075c3000-7f6f077c3000 ---p 00002000 08:03 918630                     /usr/lib64/libdl-2.17.so
7f6f077c3000-7f6f077c4000 r--p 00002000 08:03 918630                     /usr/lib64/libdl-2.17.so
7f6f077c4000-7f6f077c5000 rw-p 00003000 08:03 918630                     /usr/lib64/libdl-2.17.so
7f6f077c5000-7f6f077d3000 r-xp 00000000 08:03 936103                     /usr/lib/jvm/java-1.8.0-openjdk-1.8.0.402.b06-1.el7_9.x86_64/jre/lib/amd64/jli/libjli.so
7f6f077d3000-7f6f079d2000 ---p 0000e000 08:03 936103                     /usr/lib/jvm/java-1.8.0-openjdk-1.8.0.402.b06-1.el7_9.x86_64/jre/lib/amd64/jli/libjli.so
7f6f079d2000-7f6f079d3000 r--p 0000d000 08:03 936103                     /usr/lib/jvm/java-1.8.0-openjdk-1.8.0.402.b06-1.el7_9.x86_64/jre/lib/amd64/jli/libjli.so
7f6f079d3000-7f6f079d4000 rw-p 0000e000 08:03 936103                     /usr/lib/jvm/java-1.8.0-openjdk-1.8.0.402.b06-1.el7_9.x86_64/jre/lib/amd64/jli/libjli.so
7f6f079d4000-7f6f079e9000 r-xp 00000000 08:03 919217                     /usr/lib64/libz.so.1.2.7
7f6f079e9000-7f6f07be8000 ---p 00015000 08:03 919217                     /usr/lib64/libz.so.1.2.7
7f6f07be8000-7f6f07be9000 r--p 00014000 08:03 919217                     /usr/lib64/libz.so.1.2.7
7f6f07be9000-7f6f07bea000 rw-p 00015000 08:03 919217                     /usr/lib64/libz.so.1.2.7
7f6f07bea000-7f6f07c01000 r-xp 00000000 08:03 918650                     /usr/lib64/libpthread-2.17.so
7f6f07c01000-7f6f07e00000 ---p 00017000 08:03 918650                     /usr/lib64/libpthread-2.17.so
7f6f07e00000-7f6f07e01000 r--p 00016000 08:03 918650                     /usr/lib64/libpthread-2.17.so
7f6f07e01000-7f6f07e02000 rw-p 00017000 08:03 918650                     /usr/lib64/libpthread-2.17.so
7f6f07e02000-7f6f07e06000 rw-p 00000000 00:00 0 
7f6f07e06000-7f6f07e28000 r-xp 00000000 08:03 918619                     /usr/lib64/ld-2.17.so
7f6f07ed2000-7f6f07f16000 rw-p 00000000 00:00 0 
7f6f07f16000-7f6f07f1a000 ---p 00000000 00:00 0 
7f6f07f1a000-7f6f0801c000 rw-p 00000000 00:00 0 
7f6f0801c000-7f6f08024000 rw-s 00000000 08:03 1327924                    /tmp/hsperfdata_team16/8011
7f6f08024000-7f6f08025000 rw-p 00000000 00:00 0 
7f6f08025000-7f6f08026000 r--p 00000000 00:00 0 
7f6f08026000-7f6f08027000 rw-p 00000000 00:00 0 
7f6f08027000-7f6f08028000 r--p 00021000 08:03 918619                     /usr/lib64/ld-2.17.so
7f6f08028000-7f6f08029000 rw-p 00022000 08:03 918619                     /usr/lib64/ld-2.17.so
7f6f08029000-7f6f0802a000 rw-p 00000000 00:00 0 
7ffca2839000-7ffca285a000 rw-p 00000000 00:00 0                          [stack]
7ffca29a5000-7ffca29a7000 r-xp 00000000 00:00 0                          [vdso]
ffffffffff600000-ffffffffff601000 r-xp 00000000 00:00 0                  [vsyscall]

VM Arguments:
jvm_args: -Xmx1g 
java_command: org.apache.spark.deploy.SparkSubmit --master yarn scripts/test3.py
java_class_path (initial): /usr/local/lib/python3.6/site-packages/pyspark/conf:/usr/local/lib/python3.6/site-packages/pyspark/jars/pyrolite-4.30.jar:/usr/local/lib/python3.6/site-packages/pyspark/jars/hive-vector-code-gen-2.3.9.jar:/usr/local/lib/python3.6/site-packages/pyspark/jars/commons-lang3-3.12.0.jar:/usr/local/lib/python3.6/site-packages/pyspark/jars/commons-crypto-1.1.0.jar:/usr/local/lib/python3.6/site-packages/pyspark/jars/lz4-java-1.7.1.jar:/usr/local/lib/python3.6/site-packages/pyspark/jars/aircompressor-0.21.jar:/usr/local/lib/python3.6/site-packages/pyspark/jars/jackson-databind-2.12.3.jar:/usr/local/lib/python3.6/site-packages/pyspark/jars/commons-lang-2.6.jar:/usr/local/lib/python3.6/site-packages/pyspark/jars/avro-mapred-1.10.2.jar:/usr/local/lib/python3.6/site-packages/pyspark/jars/jackson-annotations-2.12.3.jar:/usr/local/lib/python3.6/site-packages/pyspark/jars/derby-10.14.2.0.jar:/usr/local/lib/python3.6/site-packages/pyspark/jars/ivy-2.5.1.jar:/usr/local/lib/python3.6/site-packages/pyspark/jars/breeze-macros_2.12-1.2.jar:/usr/local/lib/python3.6/site-packages/pyspark/jars/scala-xml_2.12-1.2.0.jar:/usr/local/lib/python3.6/site-packages/pyspark/jars/antlr-runtime-3.5.2.jar:/usr/local/lib/python3.6/site-packages/pyspark/jars/parquet-jackson-1.12.2.jar:/usr/local/lib/python3.6/site-packages/pyspark/jars/jersey-hk2-2.34.jar:/usr/local/lib/python3.6/site-packages/pyspark/jars/hadoop-client-runtime-3.3.1.jar:/usr/local/lib/python3.6/site-packages/pyspark/jars/scala-parser-combinators_2.12-1.1.2.jar:/usr/local/lib/python3.6/site-packages/pyspark/jars/oro-2.0.8.jar:/usr/local/lib/python3.6/site-packages/pyspark/jars/joda-time-2.10.10.jar:/usr/local/lib/python3.6/site-packages/pyspark/jars/jersey-container-servlet-2.34.jar:/usr/local/lib/python3.6/site-packages/pyspark/jars/jul-to-slf4j-1.7.30.jar:/usr/local/lib/python3.6/site-packages/pyspark/jars/spire_2.12-0.17.0.jar:/usr/local/lib/python3.6/site-packages/pyspark/jars/javassist-3.25.0-GA.jar:/usr/l
Launcher Type: SUN_STANDARD

Environment Variables:
PATH=/opt/jupyterhub/nvm/.nvm/versions/node/v16.11.1/bin:/usr/local/sbin:/usr/local/bin:/usr/sbin:/usr/bin:/root/bin:/home/team16/.local/bin:/home/team16/bin
SHELL=/bin/bash

Signal Handlers:
SIGSEGV: [libjvm.so+0xb6b020], sa_mask[0]=11111111011111111101111111111110, sa_flags=SA_RESTART|SA_SIGINFO
SIGBUS: [libjvm.so+0xb6b020], sa_mask[0]=11111111011111111101111111111110, sa_flags=SA_RESTART|SA_SIGINFO
SIGFPE: [libjvm.so+0x9408a0], sa_mask[0]=11111111011111111101111111111110, sa_flags=SA_RESTART|SA_SIGINFO
SIGPIPE: [libjvm.so+0x9408a0], sa_mask[0]=11111111011111111101111111111110, sa_flags=SA_RESTART|SA_SIGINFO
SIGXFSZ: [libjvm.so+0x9408a0], sa_mask[0]=11111111011111111101111111111110, sa_flags=SA_RESTART|SA_SIGINFO
SIGILL: [libjvm.so+0x9408a0], sa_mask[0]=11111111011111111101111111111110, sa_flags=SA_RESTART|SA_SIGINFO
SIGUSR1: SIG_DFL, sa_mask[0]=00000000000000000000000000000000, sa_flags=none
SIGUSR2: [libjvm.so+0x940a10], sa_mask[0]=00000000000000000000000000000000, sa_flags=SA_RESTART|SA_SIGINFO
SIGHUP: SIG_DFL, sa_mask[0]=00000000000000000000000000000000, sa_flags=none
SIGINT: SIG_DFL, sa_mask[0]=00000000000000000000000000000000, sa_flags=none
SIGTERM: SIG_DFL, sa_mask[0]=00000000000000000000000000000000, sa_flags=none
SIGQUIT: SIG_DFL, sa_mask[0]=00000000000000000000000000000000, sa_flags=none


---------------  S Y S T E M  ---------------

OS:CentOS Linux release 7.9.2009 (Core)

uname:Linux 3.10.0-1160.108.1.el7.x86_64 #1 SMP Thu Jan 25 16:17:31 UTC 2024 x86_64
libc:glibc 2.17 NPTL 2.17 
rlimit: STACK 8192k, CORE 0k, NPROC 127871, NOFILE 4096, AS infinity
load average:2.78 3.23 4.37

/proc/meminfo:
MemTotal:       32777952 kB
MemFree:          230340 kB
MemAvailable:     149292 kB
Buffers:            2168 kB
Cached:          1755716 kB
SwapCached:            0 kB
Active:         30241132 kB
Inactive:         770328 kB
Active(anon):   30187956 kB
Inactive(anon):   683460 kB
Active(file):      53176 kB
Inactive(file):    86868 kB
Unevictable:           0 kB
Mlocked:               0 kB
SwapTotal:             0 kB
SwapFree:              0 kB
Dirty:              1008 kB
Writeback:             0 kB
AnonPages:      29253552 kB
Mapped:           108452 kB
Shmem:           1617536 kB
Slab:             397116 kB
SReclaimable:     158452 kB
SUnreclaim:       238664 kB
KernelStack:      121888 kB
PageTables:       263760 kB
NFS_Unstable:          0 kB
Bounce:                0 kB
WritebackTmp:          0 kB
CommitLimit:    16388976 kB
Committed_AS:   188166676 kB
VmallocTotal:   34359738367 kB
VmallocUsed:      123736 kB
VmallocChunk:   34359611356 kB
Percpu:             3968 kB
HardwareCorrupted:     0 kB
AnonHugePages:   2277376 kB
CmaTotal:              0 kB
CmaFree:               0 kB
HugePages_Total:       0
HugePages_Free:        0
HugePages_Rsvd:        0
HugePages_Surp:        0
Hugepagesize:       2048 kB
DirectMap4k:      111948 kB
DirectMap2M:     8275968 kB
DirectMap1G:    25165824 kB

container (cgroup) information:
container_type: cgroupv1
cpu_cpuset_cpus: 0-15
cpu_memory_nodes: 0
active_processor_count: 16
cpu_quota: -1
cpu_period: 100000
cpu_shares: -1
memory_limit_in_bytes: -1
memory_and_swap_limit_in_bytes: -1
memory_soft_limit_in_bytes: -1
memory_usage_in_bytes: 21349396480
memory_max_usage_in_bytes: 29062533120


CPU:total 16 (initial active 16) (8 cores per cpu, 2 threads per core) family 6 model 85 stepping 7, cmov, cx8, fxsr, mmx, sse, sse2, sse3, ssse3, sse4.1, sse4.2, popcnt, avx, avx2, aes, clmul, erms, rtm, 3dnowpref, lzcnt, ht, tsc, bmi1, bmi2, adx

/proc/cpuinfo:
processor	: 0
vendor_id	: GenuineIntel
cpu family	: 6
model		: 85
model name	: Intel(R) Xeon(R) Gold 6226R CPU @ 2.90GHz
stepping	: 7
microcode	: 0xffffffff
cpu MHz		: 3599.688
cache size	: 22528 KB
physical id	: 0
siblings	: 16
core id		: 0
cpu cores	: 8
apicid		: 0
initial apicid	: 0
fpu		: yes
fpu_exception	: yes
cpuid level	: 22
wp		: yes
flags		: fpu vme de pse tsc msr pae mce cx8 apic sep mtrr pge mca cmov pat pse36 clflush mmx fxsr sse sse2 ss ht syscall nx pdpe1gb rdtscp lm constant_tsc rep_good nopl xtopology aperfmperf eagerfpu pni pclmulqdq ssse3 fma cx16 pcid sse4_1 sse4_2 x2apic movbe popcnt tsc_deadline_timer aes xsave avx f16c rdrand hypervisor lahf_lm abm 3dnowprefetch invpcid_single ssbd rsb_ctxsw ibrs ibpb stibp ibrs_enhanced fsgsbase tsc_adjust bmi1 hle avx2 smep bmi2 erms invpcid rtm avx512f avx512dq rdseed adx smap clflushopt clwb avx512cd avx512bw avx512vl xsaveopt xsavec xgetbv1 avx512_vnni md_clear spec_ctrl intel_stibp flush_l1d arch_capabilities
bogomips	: 5786.41
clflush size	: 64
cache_alignment	: 64
address sizes	: 46 bits physical, 48 bits virtual
power management:

processor	: 1
vendor_id	: GenuineIntel
cpu family	: 6
model		: 85
model name	: Intel(R) Xeon(R) Gold 6226R CPU @ 2.90GHz
stepping	: 7
microcode	: 0xffffffff
cpu MHz		: 3599.865
cache size	: 22528 KB
physical id	: 0
siblings	: 16
core id		: 0
cpu cores	: 8
apicid		: 1
initial apicid	: 1
fpu		: yes
fpu_exception	: yes
cpuid level	: 22
wp		: yes
flags		: fpu vme de pse tsc msr pae mce cx8 apic sep mtrr pge mca cmov pat pse36 clflush mmx fxsr sse sse2 ss ht syscall nx pdpe1gb rdtscp lm constant_tsc rep_good nopl xtopology aperfmperf eagerfpu pni pclmulqdq ssse3 fma cx16 pcid sse4_1 sse4_2 x2apic movbe popcnt tsc_deadline_timer aes xsave avx f16c rdrand hypervisor lahf_lm abm 3dnowprefetch invpcid_single ssbd rsb_ctxsw ibrs ibpb stibp ibrs_enhanced fsgsbase tsc_adjust bmi1 hle avx2 smep bmi2 erms invpcid rtm avx512f avx512dq rdseed adx smap clflushopt clwb avx512cd avx512bw avx512vl xsaveopt xsavec xgetbv1 avx512_vnni md_clear spec_ctrl intel_stibp flush_l1d arch_capabilities
bogomips	: 5786.41
clflush size	: 64
cache_alignment	: 64
address sizes	: 46 bits physical, 48 bits virtual
power management:

processor	: 2
vendor_id	: GenuineIntel
cpu family	: 6
model		: 85
model name	: Intel(R) Xeon(R) Gold 6226R CPU @ 2.90GHz
stepping	: 7
microcode	: 0xffffffff
cpu MHz		: 3600.219
cache size	: 22528 KB
physical id	: 0
siblings	: 16
core id		: 1
cpu cores	: 8
apicid		: 2
initial apicid	: 2
fpu		: yes
fpu_exception	: yes
cpuid level	: 22
wp		: yes
flags		: fpu vme de pse tsc msr pae mce cx8 apic sep mtrr pge mca cmov pat pse36 clflush mmx fxsr sse sse2 ss ht syscall nx pdpe1gb rdtscp lm constant_tsc rep_good nopl xtopology aperfmperf eagerfpu pni pclmulqdq ssse3 fma cx16 pcid sse4_1 sse4_2 x2apic movbe popcnt tsc_deadline_timer aes xsave avx f16c rdrand hypervisor lahf_lm abm 3dnowprefetch invpcid_single ssbd rsb_ctxsw ibrs ibpb stibp ibrs_enhanced fsgsbase tsc_adjust bmi1 hle avx2 smep bmi2 erms invpcid rtm avx512f avx512dq rdseed adx smap clflushopt clwb avx512cd avx512bw avx512vl xsaveopt xsavec xgetbv1 avx512_vnni md_clear spec_ctrl intel_stibp flush_l1d arch_capabilities
bogomips	: 5786.41
clflush size	: 64
cache_alignment	: 64
address sizes	: 46 bits physical, 48 bits virtual
power management:

processor	: 3
vendor_id	: GenuineIntel
cpu family	: 6
model		: 85
model name	: Intel(R) Xeon(R) Gold 6226R CPU @ 2.90GHz
stepping	: 7
microcode	: 0xffffffff
cpu MHz		: 3600.042
cache size	: 22528 KB
physical id	: 0
siblings	: 16
core id		: 1
cpu cores	: 8
apicid		: 3
initial apicid	: 3
fpu		: yes
fpu_exception	: yes
cpuid level	: 22
wp		: yes
flags		: fpu vme de pse tsc msr pae mce cx8 apic sep mtrr pge mca cmov pat pse36 clflush mmx fxsr sse sse2 ss ht syscall nx pdpe1gb rdtscp lm constant_tsc rep_good nopl xtopology aperfmperf eagerfpu pni pclmulqdq ssse3 fma cx16 pcid sse4_1 sse4_2 x2apic movbe popcnt tsc_deadline_timer aes xsave avx f16c rdrand hypervisor lahf_lm abm 3dnowprefetch invpcid_single ssbd rsb_ctxsw ibrs ibpb stibp ibrs_enhanced fsgsbase tsc_adjust bmi1 hle avx2 smep bmi2 erms invpcid rtm avx512f avx512dq rdseed adx smap clflushopt clwb avx512cd avx512bw avx512vl xsaveopt xsavec xgetbv1 avx512_vnni md_clear spec_ctrl intel_stibp flush_l1d arch_capabilities
bogomips	: 5786.41
clflush size	: 64
cache_alignment	: 64
address sizes	: 46 bits physical, 48 bits virtual
power management:

processor	: 4
vendor_id	: GenuineIntel
cpu family	: 6
model		: 85
model name	: Intel(R) Xeon(R) Gold 6226R CPU @ 2.90GHz
stepping	: 7
microcode	: 0xffffffff
cpu MHz		: 3600.042
cache size	: 22528 KB
physical id	: 0
siblings	: 16
core id		: 2
cpu cores	: 8
apicid		: 4
initial apicid	: 4
fpu		: yes
fpu_exception	: yes
cpuid level	: 22
wp		: yes
flags		: fpu vme de pse tsc msr pae mce cx8 apic sep mtrr pge mca cmov pat pse36 clflush mmx fxsr sse sse2 ss ht syscall nx pdpe1gb rdtscp lm constant_tsc rep_good nopl xtopology aperfmperf eagerfpu pni pclmulqdq ssse3 fma cx16 pcid sse4_1 sse4_2 x2apic movbe popcnt tsc_deadline_timer aes xsave avx f16c rdrand hypervisor lahf_lm abm 3dnowprefetch invpcid_single ssbd rsb_ctxsw ibrs ibpb stibp ibrs_enhanced fsgsbase tsc_adjust bmi1 hle avx2 smep bmi2 erms invpcid rtm avx512f avx512dq rdseed adx smap clflushopt clwb avx512cd avx512bw avx512vl xsaveopt xsavec xgetbv1 avx512_vnni md_clear spec_ctrl intel_stibp flush_l1d arch_capabilities
bogomips	: 5786.41
clflush size	: 64
cache_alignment	: 64
address sizes	: 46 bits physical, 48 bits virtual
power management:

processor	: 5
vendor_id	: GenuineIntel
cpu family	: 6
model		: 85
model name	: Intel(R) Xeon(R) Gold 6226R CPU @ 2.90GHz
stepping	: 7
microcode	: 0xffffffff
cpu MHz		: 3603.405
cache size	: 22528 KB
physical id	: 0
siblings	: 16
core id		: 2
cpu cores	: 8
apicid		: 5
initial apicid	: 5
fpu		: yes
fpu_exception	: yes
cpuid level	: 22
wp		: yes
flags		: fpu vme de pse tsc msr pae mce cx8 apic sep mtrr pge mca cmov pat pse36 clflush mmx fxsr sse sse2 ss ht syscall nx pdpe1gb rdtscp lm constant_tsc rep_good nopl xtopology aperfmperf eagerfpu pni pclmulqdq ssse3 fma cx16 pcid sse4_1 sse4_2 x2apic movbe popcnt tsc_deadline_timer aes xsave avx f16c rdrand hypervisor lahf_lm abm 3dnowprefetch invpcid_single ssbd rsb_ctxsw ibrs ibpb stibp ibrs_enhanced fsgsbase tsc_adjust bmi1 hle avx2 smep bmi2 erms invpcid rtm avx512f avx512dq rdseed adx smap clflushopt clwb avx512cd avx512bw avx512vl xsaveopt xsavec xgetbv1 avx512_vnni md_clear spec_ctrl intel_stibp flush_l1d arch_capabilities
bogomips	: 5786.41
clflush size	: 64
cache_alignment	: 64
address sizes	: 46 bits physical, 48 bits virtual
power management:

processor	: 6
vendor_id	: GenuineIntel
cpu family	: 6
model		: 85
model name	: Intel(R) Xeon(R) Gold 6226R CPU @ 2.90GHz
stepping	: 7
microcode	: 0xffffffff
cpu MHz		: 3600.042
cache size	: 22528 KB
physical id	: 0
siblings	: 16
core id		: 3
cpu cores	: 8
apicid		: 6
initial apicid	: 6
fpu		: yes
fpu_exception	: yes
cpuid level	: 22
wp		: yes
flags		: fpu vme de pse tsc msr pae mce cx8 apic sep mtrr pge mca cmov pat pse36 clflush mmx fxsr sse sse2 ss ht syscall nx pdpe1gb rdtscp lm constant_tsc rep_good nopl xtopology aperfmperf eagerfpu pni pclmulqdq ssse3 fma cx16 pcid sse4_1 sse4_2 x2apic movbe popcnt tsc_deadline_timer aes xsave avx f16c rdrand hypervisor lahf_lm abm 3dnowprefetch invpcid_single ssbd rsb_ctxsw ibrs ibpb stibp ibrs_enhanced fsgsbase tsc_adjust bmi1 hle avx2 smep bmi2 erms invpcid rtm avx512f avx512dq rdseed adx smap clflushopt clwb avx512cd avx512bw avx512vl xsaveopt xsavec xgetbv1 avx512_vnni md_clear spec_ctrl intel_stibp flush_l1d arch_capabilities
bogomips	: 5786.41
clflush size	: 64
cache_alignment	: 64
address sizes	: 46 bits physical, 48 bits virtual
power management:

processor	: 7
vendor_id	: GenuineIntel
cpu family	: 6
model		: 85
model name	: Intel(R) Xeon(R) Gold 6226R CPU @ 2.90GHz
stepping	: 7
microcode	: 0xffffffff
cpu MHz		: 3600.573
cache size	: 22528 KB
physical id	: 0
siblings	: 16
core id		: 3
cpu cores	: 8
apicid		: 7
initial apicid	: 7
fpu		: yes
fpu_exception	: yes
cpuid level	: 22
wp		: yes
flags		: fpu vme de pse tsc msr pae mce cx8 apic sep mtrr pge mca cmov pat pse36 clflush mmx fxsr sse sse2 ss ht syscall nx pdpe1gb rdtscp lm constant_tsc rep_good nopl xtopology aperfmperf eagerfpu pni pclmulqdq ssse3 fma cx16 pcid sse4_1 sse4_2 x2apic movbe popcnt tsc_deadline_timer aes xsave avx f16c rdrand hypervisor lahf_lm abm 3dnowprefetch invpcid_single ssbd rsb_ctxsw ibrs ibpb stibp ibrs_enhanced fsgsbase tsc_adjust bmi1 hle avx2 smep bmi2 erms invpcid rtm avx512f avx512dq rdseed adx smap clflushopt clwb avx512cd avx512bw avx512vl xsaveopt xsavec xgetbv1 avx512_vnni md_clear spec_ctrl intel_stibp flush_l1d arch_capabilities
bogomips	: 5786.41
clflush size	: 64
cache_alignment	: 64
address sizes	: 46 bits physical, 48 bits virtual
power management:

processor	: 8
vendor_id	: GenuineIntel
cpu family	: 6
model		: 85
model name	: Intel(R) Xeon(R) Gold 6226R CPU @ 2.90GHz
stepping	: 7
microcode	: 0xffffffff
cpu MHz		: 3600.042
cache size	: 22528 KB
physical id	: 0
siblings	: 16
core id		: 4
cpu cores	: 8
apicid		: 8
initial apicid	: 8
fpu		: yes
fpu_exception	: yes
cpuid level	: 22
wp		: yes
flags		: fpu vme de pse tsc msr pae mce cx8 apic sep mtrr pge mca cmov pat pse36 clflush mmx fxsr sse sse2 ss ht syscall nx pdpe1gb rdtscp lm constant_tsc rep_good nopl xtopology aperfmperf eagerfpu pni pclmulqdq ssse3 fma cx16 pcid sse4_1 sse4_2 x2apic movbe popcnt tsc_deadline_timer aes xsave avx f16c rdrand hypervisor lahf_lm abm 3dnowprefetch invpcid_single ssbd rsb_ctxsw ibrs ibpb stibp ibrs_enhanced fsgsbase tsc_adjust bmi1 hle avx2 smep bmi2 erms invpcid rtm avx512f avx512dq rdseed adx smap clflushopt clwb avx512cd avx512bw avx512vl xsaveopt xsavec xgetbv1 avx512_vnni md_clear spec_ctrl intel_stibp flush_l1d arch_capabilities
bogomips	: 5786.41
clflush size	: 64
cache_alignment	: 64
address sizes	: 46 bits physical, 48 bits virtual
power management:

processor	: 9
vendor_id	: GenuineIntel
cpu family	: 6
model		: 85
model name	: Intel(R) Xeon(R) Gold 6226R CPU @ 2.90GHz
stepping	: 7
microcode	: 0xffffffff
cpu MHz		: 3600.042
cache size	: 22528 KB
physical id	: 0
siblings	: 16
core id		: 4
cpu cores	: 8
apicid		: 9
initial apicid	: 9
fpu		: yes
fpu_exception	: yes
cpuid level	: 22
wp		: yes
flags		: fpu vme de pse tsc msr pae mce cx8 apic sep mtrr pge mca cmov pat pse36 clflush mmx fxsr sse sse2 ss ht syscall nx pdpe1gb rdtscp lm constant_tsc rep_good nopl xtopology aperfmperf eagerfpu pni pclmulqdq ssse3 fma cx16 pcid sse4_1 sse4_2 x2apic movbe popcnt tsc_deadline_timer aes xsave avx f16c rdrand hypervisor lahf_lm abm 3dnowprefetch invpcid_single ssbd rsb_ctxsw ibrs ibpb stibp ibrs_enhanced fsgsbase tsc_adjust bmi1 hle avx2 smep bmi2 erms invpcid rtm avx512f avx512dq rdseed adx smap clflushopt clwb avx512cd avx512bw avx512vl xsaveopt xsavec xgetbv1 avx512_vnni md_clear spec_ctrl intel_stibp flush_l1d arch_capabilities
bogomips	: 5786.41
clflush size	: 64
cache_alignment	: 64
address sizes	: 46 bits physical, 48 bits virtual
power management:

processor	: 10
vendor_id	: GenuineIntel
cpu family	: 6
model		: 85
model name	: Intel(R) Xeon(R) Gold 6226R CPU @ 2.90GHz
stepping	: 7
microcode	: 0xffffffff
cpu MHz		: 3599.865
cache size	: 22528 KB
physical id	: 0
siblings	: 16
core id		: 5
cpu cores	: 8
apicid		: 10
initial apicid	: 10
fpu		: yes
fpu_exception	: yes
cpuid level	: 22
wp		: yes
flags		: fpu vme de pse tsc msr pae mce cx8 apic sep mtrr pge mca cmov pat pse36 clflush mmx fxsr sse sse2 ss ht syscall nx pdpe1gb rdtscp lm constant_tsc rep_good nopl xtopology aperfmperf eagerfpu pni pclmulqdq ssse3 fma cx16 pcid sse4_1 sse4_2 x2apic movbe popcnt tsc_deadline_timer aes xsave avx f16c rdrand hypervisor lahf_lm abm 3dnowprefetch invpcid_single ssbd rsb_ctxsw ibrs ibpb stibp ibrs_enhanced fsgsbase tsc_adjust bmi1 hle avx2 smep bmi2 erms invpcid rtm avx512f avx512dq rdseed adx smap clflushopt clwb avx512cd avx512bw avx512vl xsaveopt xsavec xgetbv1 avx512_vnni md_clear spec_ctrl intel_stibp flush_l1d arch_capabilities
bogomips	: 5786.41
clflush size	: 64
cache_alignment	: 64
address sizes	: 46 bits physical, 48 bits virtual
power management:

processor	: 11
vendor_id	: GenuineIntel
cpu family	: 6
model		: 85
model name	: Intel(R) Xeon(R) Gold 6226R CPU @ 2.90GHz
stepping	: 7
microcode	: 0xffffffff
cpu MHz		: 3599.157
cache size	: 22528 KB
physical id	: 0
siblings	: 16
core id		: 5
cpu cores	: 8
apicid		: 11
initial apicid	: 11
fpu		: yes
fpu_exception	: yes
cpuid level	: 22
wp		: yes
flags		: fpu vme de pse tsc msr pae mce cx8 apic sep mtrr pge mca cmov pat pse36 clflush mmx fxsr sse sse2 ss ht syscall nx pdpe1gb rdtscp lm constant_tsc rep_good nopl xtopology aperfmperf eagerfpu pni pclmulqdq ssse3 fma cx16 pcid sse4_1 sse4_2 x2apic movbe popcnt tsc_deadline_timer aes xsave avx f16c rdrand hypervisor lahf_lm abm 3dnowprefetch invpcid_single ssbd rsb_ctxsw ibrs ibpb stibp ibrs_enhanced fsgsbase tsc_adjust bmi1 hle avx2 smep bmi2 erms invpcid rtm avx512f avx512dq rdseed adx smap clflushopt clwb avx512cd avx512bw avx512vl xsaveopt xsavec xgetbv1 avx512_vnni md_clear spec_ctrl intel_stibp flush_l1d arch_capabilities
bogomips	: 5786.41
clflush size	: 64
cache_alignment	: 64
address sizes	: 46 bits physical, 48 bits virtual
power management:

processor	: 12
vendor_id	: GenuineIntel
cpu family	: 6
model		: 85
model name	: Intel(R) Xeon(R) Gold 6226R CPU @ 2.90GHz
stepping	: 7
microcode	: 0xffffffff
cpu MHz		: 3600.573
cache size	: 22528 KB
physical id	: 0
siblings	: 16
core id		: 6
cpu cores	: 8
apicid		: 12
initial apicid	: 12
fpu		: yes
fpu_exception	: yes
cpuid level	: 22
wp		: yes
flags		: fpu vme de pse tsc msr pae mce cx8 apic sep mtrr pge mca cmov pat pse36 clflush mmx fxsr sse sse2 ss ht syscall nx pdpe1gb rdtscp lm constant_tsc rep_good nopl xtopology aperfmperf eagerfpu pni pclmulqdq ssse3 fma cx16 pcid sse4_1 sse4_2 x2apic movbe popcnt tsc_deadline_timer aes xsave avx f16c rdrand hypervisor lahf_lm abm 3dnowprefetch invpcid_single ssbd rsb_ctxsw ibrs ibpb stibp ibrs_enhanced fsgsbase tsc_adjust bmi1 hle avx2 smep bmi2 erms invpcid rtm avx512f avx512dq rdseed adx smap clflushopt clwb avx512cd avx512bw avx512vl xsaveopt xsavec xgetbv1 avx512_vnni md_clear spec_ctrl intel_stibp flush_l1d arch_capabilities
bogomips	: 5786.41
clflush size	: 64
cache_alignment	: 64
address sizes	: 46 bits physical, 48 bits virtual
power management:

processor	: 13
vendor_id	: GenuineIntel
cpu family	: 6
model		: 85
model name	: Intel(R) Xeon(R) Gold 6226R CPU @ 2.90GHz
stepping	: 7
microcode	: 0xffffffff
cpu MHz		: 3600.219
cache size	: 22528 KB
physical id	: 0
siblings	: 16
core id		: 6
cpu cores	: 8
apicid		: 13
initial apicid	: 13
fpu		: yes
fpu_exception	: yes
cpuid level	: 22
wp		: yes
flags		: fpu vme de pse tsc msr pae mce cx8 apic sep mtrr pge mca cmov pat pse36 clflush mmx fxsr sse sse2 ss ht syscall nx pdpe1gb rdtscp lm constant_tsc rep_good nopl xtopology aperfmperf eagerfpu pni pclmulqdq ssse3 fma cx16 pcid sse4_1 sse4_2 x2apic movbe popcnt tsc_deadline_timer aes xsave avx f16c rdrand hypervisor lahf_lm abm 3dnowprefetch invpcid_single ssbd rsb_ctxsw ibrs ibpb stibp ibrs_enhanced fsgsbase tsc_adjust bmi1 hle avx2 smep bmi2 erms invpcid rtm avx512f avx512dq rdseed adx smap clflushopt clwb avx512cd avx512bw avx512vl xsaveopt xsavec xgetbv1 avx512_vnni md_clear spec_ctrl intel_stibp flush_l1d arch_capabilities
bogomips	: 5786.41
clflush size	: 64
cache_alignment	: 64
address sizes	: 46 bits physical, 48 bits virtual
power management:

processor	: 14
vendor_id	: GenuineIntel
cpu family	: 6
model		: 85
model name	: Intel(R) Xeon(R) Gold 6226R CPU @ 2.90GHz
stepping	: 7
microcode	: 0xffffffff
cpu MHz		: 3599.865
cache size	: 22528 KB
physical id	: 0
siblings	: 16
core id		: 7
cpu cores	: 8
apicid		: 14
initial apicid	: 14
fpu		: yes
fpu_exception	: yes
cpuid level	: 22
wp		: yes
flags		: fpu vme de pse tsc msr pae mce cx8 apic sep mtrr pge mca cmov pat pse36 clflush mmx fxsr sse sse2 ss ht syscall nx pdpe1gb rdtscp lm constant_tsc rep_good nopl xtopology aperfmperf eagerfpu pni pclmulqdq ssse3 fma cx16 pcid sse4_1 sse4_2 x2apic movbe popcnt tsc_deadline_timer aes xsave avx f16c rdrand hypervisor lahf_lm abm 3dnowprefetch invpcid_single ssbd rsb_ctxsw ibrs ibpb stibp ibrs_enhanced fsgsbase tsc_adjust bmi1 hle avx2 smep bmi2 erms invpcid rtm avx512f avx512dq rdseed adx smap clflushopt clwb avx512cd avx512bw avx512vl xsaveopt xsavec xgetbv1 avx512_vnni md_clear spec_ctrl intel_stibp flush_l1d arch_capabilities
bogomips	: 5786.41
clflush size	: 64
cache_alignment	: 64
address sizes	: 46 bits physical, 48 bits virtual
power management:

processor	: 15
vendor_id	: GenuineIntel
cpu family	: 6
model		: 85
model name	: Intel(R) Xeon(R) Gold 6226R CPU @ 2.90GHz
stepping	: 7
microcode	: 0xffffffff
cpu MHz		: 3599.865
cache size	: 22528 KB
physical id	: 0
siblings	: 16
core id		: 7
cpu cores	: 8
apicid		: 15
initial apicid	: 15
fpu		: yes
fpu_exception	: yes
cpuid level	: 22
wp		: yes
flags		: fpu vme de pse tsc msr pae mce cx8 apic sep mtrr pge mca cmov pat pse36 clflush mmx fxsr sse sse2 ss ht syscall nx pdpe1gb rdtscp lm constant_tsc rep_good nopl xtopology aperfmperf eagerfpu pni pclmulqdq ssse3 fma cx16 pcid sse4_1 sse4_2 x2apic movbe popcnt tsc_deadline_timer aes xsave avx f16c rdrand hypervisor lahf_lm abm 3dnowprefetch invpcid_single ssbd rsb_ctxsw ibrs ibpb stibp ibrs_enhanced fsgsbase tsc_adjust bmi1 hle avx2 smep bmi2 erms invpcid rtm avx512f avx512dq rdseed adx smap clflushopt clwb avx512cd avx512bw avx512vl xsaveopt xsavec xgetbv1 avx512_vnni md_clear spec_ctrl intel_stibp flush_l1d arch_capabilities
bogomips	: 5786.41
clflush size	: 64
cache_alignment	: 64
address sizes	: 46 bits physical, 48 bits virtual
power management:



Memory: 4k page, physical 32777952k(228496k free), swap 0k(0k free)

vm_info: OpenJDK 64-Bit Server VM (25.402-b06) for linux-amd64 JRE (1.8.0_402-b06), built on Jan 25 2024 15:59:05 by "mockbuild" with gcc 4.8.5 20150623 (Red Hat 4.8.5-44)

time: Wed May  8 00:37:12 2024
timezone: MSK
elapsed time: 0.012487 seconds (0d 0h 0m 0s)

